<?xml version="1.0" encoding="UTF-8"?>
<!-- Generated by org.testng.reporters.JUnitReportReporter -->
<testsuite hostname="Santosh" failures="0" tests="1" name="TestScripts.TC001_GET_Request" time="4.512" errors="0" timestamp="2022-10-03T22:20:16 IST" skipped="0">
  <testcase classname="TestScripts.TC001_GET_Request" name="GetBooksDetails" time="4.512"/>
  <system-out/>
</testsuite> <!-- TestScripts.TC001_GET_Request -->
