<?xml version="1.0" encoding="UTF-8"?>
<!-- Generated by org.testng.reporters.JUnitReportReporter -->
<testsuite hostname="Santosh" failures="0" tests="1" name="TestScripts.TC_003_GET_RequestHeader" time="4.488" errors="0" timestamp="2022-10-03T23:32:50 IST" skipped="0">
  <testcase classname="TestScripts.TC_003_GET_RequestHeader" name="checkHeaders" time="4.488"/>
  <system-out/>
</testsuite> <!-- TestScripts.TC_003_GET_RequestHeader -->
