<?xml version="1.0" encoding="UTF-8"?>
<!-- Generated by org.testng.reporters.JUnitReportReporter -->
<testsuite hostname="Santosh" failures="0" tests="1" name="TestScripts.TC002_POST_Request" time="6.600" errors="0" timestamp="2022-10-03T23:06:05 IST" skipped="0">
  <testcase classname="TestScripts.TC002_POST_Request" name="userRegistration" time="6.600"/>
  <system-out/>
</testsuite> <!-- TestScripts.TC002_POST_Request -->
